<?xml version="1.0" encoding="UTF-8"?>
<testng-results skipped="0" failed="0" total="1" passed="1">
  <reporter-output>
  </reporter-output>
  <suite name="Default suite" duration-ms="91940" started-at="2016-01-10T13:00:04Z" finished-at="2016-01-10T13:01:36Z">
    <groups>
    </groups>
    <test name="Default test" duration-ms="91940" started-at="2016-01-10T13:00:04Z" finished-at="2016-01-10T13:01:36Z">
      <class name="com.test.TeamWorkTest">
        <test-method status="PASS" signature="prepareTest()[pri:0, instance:com.test.TeamWorkTest@45c8e616]" name="prepareTest" is-config="true" duration-ms="13165" started-at="2016-01-10T15:00:04Z" finished-at="2016-01-10T15:00:17Z">
          <reporter-output>
          </reporter-output>
        </test-method> <!-- prepareTest -->
        <test-method status="PASS" signature="testAddTaskToTaskList()[pri:0, instance:com.test.TeamWorkTest@45c8e616]" name="testAddTaskToTaskList" duration-ms="78765" started-at="2016-01-10T15:00:17Z" finished-at="2016-01-10T15:01:36Z">
          <reporter-output>
          </reporter-output>
        </test-method> <!-- testAddTaskToTaskList -->
      </class> <!-- com.test.TeamWorkTest -->
    </test> <!-- Default test -->
  </suite> <!-- Default suite -->
</testng-results>
